2017/01/02 16:34:06 [I] [industry_code_querys.go:106] enter GetAllMainIndutry.
2017/01/02 16:34:06 [I] [industry_code_querys.go:126] left GetAllMainIndutry.
2017/01/02 16:38:06 [I] [industry_code_querys.go:106] enter GetAllMainIndutry.
2017/01/02 16:38:06 [I] [industry_code_querys.go:126] left GetAllMainIndutry.
2017/01/02 16:41:06 [I] [industry_code_querys.go:106] enter GetAllMainIndutry.
2017/01/02 16:41:06 [I] [industry_code_querys.go:126] left GetAllMainIndutry.
2017/01/03 09:54:55 [I] [grpc_server.go:90] [1.1] enter GetOpenid.
2017/01/03 09:54:55 [I] [user_wx_infos.go:54] [1] enter GetUserWxInfoByUserId.
2017/01/03 09:54:55 [I] [user_wx_infos.go:70] [1] left GetUserWxInfoByUserId.
2017/01/03 09:54:55 [I] [official_account_users.go:209] [1.1] enter GetopenidByCond.
2017/01/03 09:54:55 [I] [asm_amd64.s:480] [1.1] left GetopenidByCond.
2017/01/03 09:54:55 [I] [asm_amd64.s:480] [1.1] left GetOpenid.
2017/01/03 10:52:25 [I] [grpc_server.go:90] [1.1] enter GetOpenid.
2017/01/03 10:52:25 [I] [user_wx_infos.go:54] [1] enter GetUserWxInfoByUserId.
2017/01/03 10:52:25 [I] [asm_amd64.s:480] [1] left GetUserWxInfoByUserId.
2017/01/03 10:52:25 [I] [asm_amd64.s:480] [1.1] left GetOpenid.
2017/01/03 10:54:30 [I] [grpc_server.go:91] [1.1] enter GetOpenid.
2017/01/03 10:54:30 [I] [user_wx_infos.go:55] [1] enter GetUserWxInfoByUserId.
2017/01/03 10:54:30 [I] [asm_amd64.s:480] [1] left GetUserWxInfoByUserId.
2017/01/03 10:54:30 [I] [asm_amd64.s:480] [1.1] left GetOpenid.
2017/01/03 10:55:57 [I] [grpc_server.go:91] [1.1] enter GetOpenid.
2017/01/03 10:55:57 [I] [user_wx_infos.go:55] [1] enter GetUserWxInfoByUserId.
2017/01/03 10:55:57 [I] [asm_amd64.s:480] [1] left GetUserWxInfoByUserId.
2017/01/03 10:55:57 [I] [asm_amd64.s:480] [1.1] left GetOpenid.
2017/01/03 10:57:54 [I] [grpc_server.go:91] [1.1] enter GetOpenid.
2017/01/03 10:57:54 [I] [user_wx_infos.go:55] [1] enter GetUserWxInfoByUserId.
2017/01/03 10:57:54 [I] [user_wx_infos.go:72] [1] left GetUserWxInfoByUserId.
2017/01/03 10:57:54 [I] [official_account_users.go:209] [1.1] enter GetopenidByCond.
2017/01/03 10:57:54 [I] [asm_amd64.s:480] [1.1] left GetopenidByCond.
2017/01/03 10:57:54 [I] [asm_amd64.s:480] [1.1] left GetOpenid.
2017/01/03 10:59:51 [I] [grpc_server.go:90] [1.1] enter GetOpenid.
2017/01/03 10:59:51 [I] [user_wx_infos.go:54] [1] enter GetUserWxInfoByUserId.
2017/01/03 10:59:51 [I] [user_wx_infos.go:70] [1] left GetUserWxInfoByUserId.
2017/01/03 10:59:51 [I] [official_account_users.go:209] [1.1] enter GetopenidByCond.
2017/01/03 10:59:51 [I] [official_account_users.go:230] [1.1] left GetopenidByCond.
2017/01/03 10:59:51 [I] [grpc_server.go:102] [1.1] left GetOpenid.
2017/01/03 10:59:51 [I] [grpc_server.go:22] [20170103105951-1736] enter GetSmsRechargePayJsapiParams.
2017/01/03 10:59:51 [I] [pay.go:84] [0] enter unifiedOrder.
2017/01/03 10:59:51 [I] [pay.go:36] [0] enter GetWechatPayParams.
2017/01/03 10:59:51 [E] [pay.go:44] pay param `:id` empty
2017/01/03 10:59:51 [I] [pay.go:46] [0] left GetWechatPayParams.
2017/01/03 10:59:51 [I] [pay.go:88] [0] left unifiedOrder.
2017/01/03 10:59:51 [E] [grpc_server.go:39] Get unified order error:unifiedOrder: pay param `:id` empty
2017/01/03 10:59:51 [I] [grpc_server.go:40] [20170103105951-1736] left GetSmsRechargePayJsapiParams.
2017/01/03 11:03:21 [I] [grpc_server.go:90] [1.1] enter GetOpenid.
2017/01/03 11:03:21 [I] [user_wx_infos.go:54] [1] enter GetUserWxInfoByUserId.
2017/01/03 11:03:21 [I] [user_wx_infos.go:70] [1] left GetUserWxInfoByUserId.
2017/01/03 11:03:21 [I] [official_account_users.go:209] [1.1] enter GetopenidByCond.
2017/01/03 11:03:21 [I] [official_account_users.go:230] [1.1] left GetopenidByCond.
2017/01/03 11:03:21 [I] [grpc_server.go:102] [1.1] left GetOpenid.
2017/01/03 11:03:21 [I] [grpc_server.go:22] [20170103110321-7753] enter GetSmsRechargePayJsapiParams.
2017/01/03 11:03:21 [I] [pay.go:84] [1] enter unifiedOrder.
2017/01/03 11:03:21 [I] [pay.go:36] [1] enter GetWechatPayParams.
2017/01/03 11:03:21 [I] [official_accounts.go:44] [%v] enter ReadOfficialAccount.
2017/01/03 11:03:21 [I] [official_accounts.go:56] [%v] enter ReadOfficialAccount.
2017/01/03 11:03:21 [I] [pay.go:77] [1] left GetWechatPayParams.
2017/01/03 11:03:21 [D] [pay.go:118] Get unified order:: request:: [map[goods_tag: product_id: appid:wx6f18d544edaab59c time_start: out_trade_no:20170103110321-7753 time_expire: notify_url:http://api.inchuang.com/v1/wechats/notification body:进销存系统短信充值平台 nonce_str:nonce_str total_fee:20 mch_id:1399659602 attach:101 trade_type:JSAPI openid: sign:5EF920009BEDC72C02E6BAD8089B8C19 device_info: spbill_create_ip:127.0.0.1]]
2017/01/03 11:03:21 [I] [pay.go:131] [1] left unifiedOrder.
2017/01/03 11:03:21 [E] [grpc_server.go:39] Get unified order error:unifiedOrder: return_code: "FAIL", return_msg: "JSAPI支付必须传openid"
2017/01/03 11:03:21 [I] [grpc_server.go:40] [20170103110321-7753] left GetSmsRechargePayJsapiParams.
2017/01/03 11:07:47 [I] [grpc_server.go:92] [1.1] enter GetOpenid.
2017/01/03 11:07:47 [I] [user_wx_infos.go:54] [1] enter GetUserWxInfoByUserId.
2017/01/03 11:07:47 [I] [user_wx_infos.go:70] [1] left GetUserWxInfoByUserId.
2017/01/03 11:07:47 [I] [official_account_users.go:209] [1.1] enter GetopenidByCond.
2017/01/03 11:07:47 [I] [official_account_users.go:230] [1.1] left GetopenidByCond.
2017/01/03 11:07:47 [I] [grpc_server.go:104] [1.1] left GetOpenid.
2017/01/03 11:07:47 [I] [grpc_server.go:23] [20170103110747-6212] enter GetSmsRechargePayJsapiParams.
2017/01/03 11:07:47 [I] [pay.go:84] [1] enter unifiedOrder.
2017/01/03 11:07:47 [I] [pay.go:36] [1] enter GetWechatPayParams.
2017/01/03 11:07:47 [I] [official_accounts.go:44] [%v] enter ReadOfficialAccount.
2017/01/03 11:07:47 [I] [official_accounts.go:56] [%v] enter ReadOfficialAccount.
2017/01/03 11:07:47 [I] [pay.go:77] [1] left GetWechatPayParams.
2017/01/03 11:07:47 [D] [pay.go:118] Get unified order:: request:: [map[trade_type:JSAPI openid:opu3jw0Qa4JyM-qP-lbIhrQtbNIM out_trade_no:20170103110747-6212 time_start: nonce_str:nonce_str attach:101 time_expire: sign:62CD6345101B0C22E12410324B774B7E appid:wx6f18d544edaab59c device_info: goods_tag: notify_url:http://api.inchuang.com/v1/wechats/notification product_id: total_fee:20 spbill_create_ip:127.0.0.1 body:进销存系统短信充值平台 mch_id:1399659602]]
2017/01/03 11:07:48 [I] [pay.go:133] [1] left unifiedOrder.
2017/01/03 11:07:48 [I] [grpc_server.go:64] [20170103110747-6212] left GetSmsRechargePayJsapiParams.
2017/01/03 11:12:30 [I] [grpc_server.go:68] [20170103111230-2459] enter GetSmsRechargePayNativeParams.
2017/01/03 11:12:30 [I] [pay.go:84] [1] enter unifiedOrder.
2017/01/03 11:12:30 [I] [pay.go:36] [1] enter GetWechatPayParams.
2017/01/03 11:12:30 [I] [official_accounts.go:44] [%v] enter ReadOfficialAccount.
2017/01/03 11:12:30 [I] [official_accounts.go:56] [%v] enter ReadOfficialAccount.
2017/01/03 11:12:30 [I] [pay.go:77] [1] left GetWechatPayParams.
2017/01/03 11:12:30 [D] [pay.go:118] Get unified order:: request:: [map[openid: product_id: total_fee:20 spbill_create_ip:127.0.0.1 time_start: time_expire: goods_tag: sign:557010110303388AF86ADB2DDB01606B appid:wx6f18d544edaab59c mch_id:1399659602 attach:101 out_trade_no:20170103111230-2459 body:进销存系统短信充值平台 nonce_str:nonce_str notify_url:http://api.inchuang.com/v1/wechats/notification trade_type:NATIVE device_info:]]
2017/01/03 11:12:31 [I] [pay.go:133] [1] left unifiedOrder.
2017/01/03 11:12:31 [I] [grpc_server.go:88] [20170103111230-2459] left GetSmsRechargePayNativeParams.
2017/01/03 14:10:32 [I] [grpc_server.go:68] [20170103141032-8055] enter GetSmsRechargePayNativeParams.
2017/01/03 14:10:32 [I] [pay.go:84] [1] enter unifiedOrder.
2017/01/03 14:10:32 [I] [pay.go:36] [1] enter GetWechatPayParams.
2017/01/03 14:10:32 [I] [official_accounts.go:44] [%v] enter ReadOfficialAccount.
2017/01/03 14:10:32 [I] [official_accounts.go:56] [%v] enter ReadOfficialAccount.
2017/01/03 14:10:32 [I] [pay.go:77] [1] left GetWechatPayParams.
2017/01/03 14:10:32 [D] [pay.go:118] Get unified order:: request:: [map[trade_type:NATIVE openid: product_id: sign:A26CD98E98F15C7C6B45645E52891774 mch_id:1399659602 nonce_str:nonce_str attach:101 time_expire: appid:wx6f18d544edaab59c out_trade_no:20170103141032-8055 total_fee:20 notify_url:http://api.inchuang.com/v1/wechats/notification goods_tag: body:进销存系统短信充值平台 device_info: spbill_create_ip:127.0.0.1 time_start:]]
2017/01/03 14:10:33 [I] [pay.go:133] [1] left unifiedOrder.
2017/01/03 14:10:33 [I] [grpc_server.go:88] [20170103141032-8055] left GetSmsRechargePayNativeParams.
2017/01/03 14:16:32 [I] [grpc_server.go:68] [20170103141632-2841] enter GetSmsRechargePayNativeParams.
2017/01/03 14:16:32 [I] [pay.go:84] [1] enter unifiedOrder.
2017/01/03 14:16:32 [I] [pay.go:36] [1] enter GetWechatPayParams.
2017/01/03 14:16:32 [I] [official_accounts.go:44] [%v] enter ReadOfficialAccount.
2017/01/03 14:16:32 [I] [official_accounts.go:56] [%v] enter ReadOfficialAccount.
2017/01/03 14:16:32 [I] [pay.go:77] [1] left GetWechatPayParams.
2017/01/03 14:16:32 [D] [pay.go:118] Get unified order:: request:: [map[attach:101 time_expire: appid:wx6f18d544edaab59c trade_type:NATIVE openid: notify_url:http://test.api.inchuang.com/v1/wechats/notification mch_id:1399659602 nonce_str:nonce_str out_trade_no:20170103141632-2841 total_fee:20 time_start: sign:011F2821E51B1190013AE6F9DACC2952 body:进销存系统短信充值平台 spbill_create_ip:127.0.0.1 goods_tag: product_id: device_info:]]
2017/01/03 14:16:32 [I] [pay.go:133] [1] left unifiedOrder.
2017/01/03 14:16:32 [I] [grpc_server.go:88] [20170103141632-2841] left GetSmsRechargePayNativeParams.
2017/01/03 14:19:00 [I] [grpc_server.go:68] [20170103141900-1692] enter GetSmsRechargePayNativeParams.
2017/01/03 14:19:00 [I] [pay.go:84] [1] enter unifiedOrder.
2017/01/03 14:19:00 [I] [pay.go:36] [1] enter GetWechatPayParams.
2017/01/03 14:19:00 [I] [official_accounts.go:44] [%v] enter ReadOfficialAccount.
2017/01/03 14:19:00 [I] [official_accounts.go:56] [%v] enter ReadOfficialAccount.
2017/01/03 14:19:00 [I] [pay.go:77] [1] left GetWechatPayParams.
2017/01/03 14:19:00 [D] [pay.go:118] Get unified order:: request:: [map[mch_id:1399659602 goods_tag: notify_url:http://120.77.65.193:40011/v1/wechats/notification trade_type:NATIVE body:进销存系统短信充值平台 device_info: openid: product_id: nonce_str:nonce_str out_trade_no:20170103141900-1692 total_fee:20 spbill_create_ip:127.0.0.1 sign:2E34EF5A692978F99A0453ED57190A77 appid:wx6f18d544edaab59c attach:101 time_start: time_expire:]]
2017/01/03 14:19:00 [I] [pay.go:133] [1] left unifiedOrder.
2017/01/03 14:19:00 [I] [grpc_server.go:88] [20170103141900-1692] left GetSmsRechargePayNativeParams.
2017/01/03 14:33:13 [I] [grpc_server.go:68] [20170103143313-5101] enter GetSmsRechargePayNativeParams.
2017/01/03 14:33:13 [I] [pay.go:84] [1] enter unifiedOrder.
2017/01/03 14:33:13 [I] [pay.go:36] [1] enter GetWechatPayParams.
2017/01/03 14:33:13 [I] [official_accounts.go:44] [%v] enter ReadOfficialAccount.
2017/01/03 14:33:13 [I] [official_accounts.go:56] [%v] enter ReadOfficialAccount.
2017/01/03 14:33:13 [I] [pay.go:77] [1] left GetWechatPayParams.
2017/01/03 14:33:13 [D] [pay.go:118] Get unified order:: request:: [map[mch_id:1399659602 time_start: notify_url:http://120.77.65.193:40011/v1/wechats/notification appid:wx6f18d544edaab59c total_fee:20 spbill_create_ip:127.0.0.1 openid: product_id: sign:28F17EF30D72772D21A71CF4F12E7521 device_info: attach:101 out_trade_no:20170103143313-5101 time_expire: goods_tag: body:进销存系统短信充值平台 nonce_str:nonce_str trade_type:NATIVE]]
2017/01/03 14:33:14 [I] [pay.go:133] [1] left unifiedOrder.
2017/01/03 14:33:14 [I] [grpc_server.go:88] [20170103143313-5101] left GetSmsRechargePayNativeParams.
2017/01/03 14:34:04 [I] [grpc_server.go:68] [20170103143404-6610] enter GetSmsRechargePayNativeParams.
2017/01/03 14:34:04 [I] [pay.go:84] [1] enter unifiedOrder.
2017/01/03 14:34:04 [I] [pay.go:36] [1] enter GetWechatPayParams.
2017/01/03 14:34:04 [I] [official_accounts.go:44] [%v] enter ReadOfficialAccount.
2017/01/03 14:34:04 [I] [official_accounts.go:56] [%v] enter ReadOfficialAccount.
2017/01/03 14:34:04 [I] [pay.go:77] [1] left GetWechatPayParams.
2017/01/03 14:34:04 [D] [pay.go:118] Get unified order:: request:: [map[time_expire: product_id: sign:72476145F9BF8E5E155B8308B2DDDFDF device_info: attach:101 goods_tag: notify_url:http://120.77.65.193:40011/v1/wechats/notification trade_type:NATIVE nonce_str:nonce_str spbill_create_ip:127.0.0.1 body:进销存系统短信充值平台 mch_id:1399659602 total_fee:30 time_start: openid: appid:wx6f18d544edaab59c out_trade_no:20170103143404-6610]]
2017/01/03 14:34:04 [I] [pay.go:133] [1] left unifiedOrder.
2017/01/03 14:34:04 [I] [grpc_server.go:88] [20170103143404-6610] left GetSmsRechargePayNativeParams.
